  main_prac09.cpp
c:\users\licuadora\documents\github\proyectofincg-teoria\pf\include\shader_m.h(44): warning C4101: 'e': variable local sin referencia
c:\users\licuadora\documents\github\proyectofincg-teoria\pf\include\modelanim.h(104): warning C4244: '=': conversión de 'double' a 'float'; posible pérdida de datos
c:\users\licuadora\documents\github\proyectofincg-teoria\pf\include\modelanim.h(520): warning C4244: 'inicializando': conversión de 'double' a 'float'; posible pérdida de datos
c:\users\licuadora\documents\github\proyectofincg-teoria\pf\main_prac09.cpp(488): warning C4244: 'argumento': conversión de 'double' a 'float'; posible pérdida de datos
c:\users\licuadora\documents\github\proyectofincg-teoria\pf\main_prac09.cpp(490): warning C4244: 'argumento': conversión de 'double' a 'float'; posible pérdida de datos
c:\users\licuadora\documents\github\proyectofincg-teoria\pf\main_prac09.cpp(492): warning C4244: 'argumento': conversión de 'double' a 'float'; posible pérdida de datos
c:\users\licuadora\documents\github\proyectofincg-teoria\pf\main_prac09.cpp(494): warning C4244: 'argumento': conversión de 'double' a 'float'; posible pérdida de datos
c:\users\licuadora\documents\github\proyectofincg-teoria\pf\main_prac09.cpp(531): warning C4244: '=': conversión de 'double' a 'float'; posible pérdida de datos
c:\users\licuadora\documents\github\proyectofincg-teoria\pf\main_prac09.cpp(532): warning C4244: '=': conversión de 'double' a 'float'; posible pérdida de datos
c:\users\licuadora\documents\github\proyectofincg-teoria\pf\main_prac09.cpp(536): warning C4244: 'inicializando': conversión de 'double' a 'float'; posible pérdida de datos
c:\users\licuadora\documents\github\proyectofincg-teoria\pf\main_prac09.cpp(537): warning C4244: 'inicializando': conversión de 'double' a 'float'; posible pérdida de datos
c:\users\licuadora\documents\github\proyectofincg-teoria\pf\main_prac09.cpp(539): warning C4244: '=': conversión de 'double' a 'float'; posible pérdida de datos
c:\users\licuadora\documents\github\proyectofincg-teoria\pf\main_prac09.cpp(540): warning C4244: '=': conversión de 'double' a 'float'; posible pérdida de datos
c:\users\licuadora\documents\github\proyectofincg-teoria\pf\main_prac09.cpp(548): warning C4244: 'argumento': conversión de 'double' a 'float'; posible pérdida de datos
LINK : warning LNK4098: la biblioteca predeterminada'MSVCRTD' entra en conflicto con otras bibliotecas; use la biblioteca /NODEFAULTLIB:biblioteca
  Generando código
  1 of 1030 functions (<0.1%) were compiled, the rest were copied from previous compilation.
    0 functions were new in current compilation
    1 functions had inline decision re-evaluated but remain unchanged
  Generación de código finalizada
glfw3.lib(context.obj) : warning LNK4099: no se encontró PDB 'glfw.pdb' con 'glfw3.lib(context.obj)' o en 'C:\Users\licuadora\Documents\GitHub\ProyectoFinCG-Teoria\Release\glfw.pdb'; se vinculará el objeto sin tener en cuenta información de depuración
glfw3.lib(init.obj) : warning LNK4099: no se encontró PDB 'glfw.pdb' con 'glfw3.lib(init.obj)' o en 'C:\Users\licuadora\Documents\GitHub\ProyectoFinCG-Teoria\Release\glfw.pdb'; se vinculará el objeto sin tener en cuenta información de depuración
glfw3.lib(input.obj) : warning LNK4099: no se encontró PDB 'glfw.pdb' con 'glfw3.lib(input.obj)' o en 'C:\Users\licuadora\Documents\GitHub\ProyectoFinCG-Teoria\Release\glfw.pdb'; se vinculará el objeto sin tener en cuenta información de depuración
glfw3.lib(monitor.obj) : warning LNK4099: no se encontró PDB 'glfw.pdb' con 'glfw3.lib(monitor.obj)' o en 'C:\Users\licuadora\Documents\GitHub\ProyectoFinCG-Teoria\Release\glfw.pdb'; se vinculará el objeto sin tener en cuenta información de depuración
glfw3.lib(vulkan.obj) : warning LNK4099: no se encontró PDB 'glfw.pdb' con 'glfw3.lib(vulkan.obj)' o en 'C:\Users\licuadora\Documents\GitHub\ProyectoFinCG-Teoria\Release\glfw.pdb'; se vinculará el objeto sin tener en cuenta información de depuración
glfw3.lib(window.obj) : warning LNK4099: no se encontró PDB 'glfw.pdb' con 'glfw3.lib(window.obj)' o en 'C:\Users\licuadora\Documents\GitHub\ProyectoFinCG-Teoria\Release\glfw.pdb'; se vinculará el objeto sin tener en cuenta información de depuración
glfw3.lib(win32_init.obj) : warning LNK4099: no se encontró PDB 'glfw.pdb' con 'glfw3.lib(win32_init.obj)' o en 'C:\Users\licuadora\Documents\GitHub\ProyectoFinCG-Teoria\Release\glfw.pdb'; se vinculará el objeto sin tener en cuenta información de depuración
glfw3.lib(win32_joystick.obj) : warning LNK4099: no se encontró PDB 'glfw.pdb' con 'glfw3.lib(win32_joystick.obj)' o en 'C:\Users\licuadora\Documents\GitHub\ProyectoFinCG-Teoria\Release\glfw.pdb'; se vinculará el objeto sin tener en cuenta información de depuración
glfw3.lib(win32_monitor.obj) : warning LNK4099: no se encontró PDB 'glfw.pdb' con 'glfw3.lib(win32_monitor.obj)' o en 'C:\Users\licuadora\Documents\GitHub\ProyectoFinCG-Teoria\Release\glfw.pdb'; se vinculará el objeto sin tener en cuenta información de depuración
glfw3.lib(win32_time.obj) : warning LNK4099: no se encontró PDB 'glfw.pdb' con 'glfw3.lib(win32_time.obj)' o en 'C:\Users\licuadora\Documents\GitHub\ProyectoFinCG-Teoria\Release\glfw.pdb'; se vinculará el objeto sin tener en cuenta información de depuración
glfw3.lib(win32_thread.obj) : warning LNK4099: no se encontró PDB 'glfw.pdb' con 'glfw3.lib(win32_thread.obj)' o en 'C:\Users\licuadora\Documents\GitHub\ProyectoFinCG-Teoria\Release\glfw.pdb'; se vinculará el objeto sin tener en cuenta información de depuración
glfw3.lib(win32_window.obj) : warning LNK4099: no se encontró PDB 'glfw.pdb' con 'glfw3.lib(win32_window.obj)' o en 'C:\Users\licuadora\Documents\GitHub\ProyectoFinCG-Teoria\Release\glfw.pdb'; se vinculará el objeto sin tener en cuenta información de depuración
glfw3.lib(wgl_context.obj) : warning LNK4099: no se encontró PDB 'glfw.pdb' con 'glfw3.lib(wgl_context.obj)' o en 'C:\Users\licuadora\Documents\GitHub\ProyectoFinCG-Teoria\Release\glfw.pdb'; se vinculará el objeto sin tener en cuenta información de depuración
glfw3.lib(egl_context.obj) : warning LNK4099: no se encontró PDB 'glfw.pdb' con 'glfw3.lib(egl_context.obj)' o en 'C:\Users\licuadora\Documents\GitHub\ProyectoFinCG-Teoria\Release\glfw.pdb'; se vinculará el objeto sin tener en cuenta información de depuración
glfw3.lib(osmesa_context.obj) : warning LNK4099: no se encontró PDB 'glfw.pdb' con 'glfw3.lib(osmesa_context.obj)' o en 'C:\Users\licuadora\Documents\GitHub\ProyectoFinCG-Teoria\Release\glfw.pdb'; se vinculará el objeto sin tener en cuenta información de depuración
  PF.vcxproj -> C:\Users\licuadora\Documents\GitHub\ProyectoFinCG-Teoria\Release\PF.exe
